0 info it worked if it ends with ok
1 verbose cli [ '/usr/local/Cellar/node/7.4.0/bin/node',
1 verbose cli   '/usr/local/bin/npm',
1 verbose cli   'run',
1 verbose cli   '_ios' ]
2 info using npm@4.0.5
3 info using node@v7.4.0
4 verbose run-script [ 'pre_ios', '_ios', 'post_ios' ]
5 info lifecycle antd-mobile@1.0.0-alpha.42~pre_ios: antd-mobile@1.0.0-alpha.42
6 silly lifecycle antd-mobile@1.0.0-alpha.42~pre_ios: no script for pre_ios, continuing
7 info lifecycle antd-mobile@1.0.0-alpha.42~_ios: antd-mobile@1.0.0-alpha.42
8 verbose lifecycle antd-mobile@1.0.0-alpha.42~_ios: unsafe-perm in lifecycle true
9 verbose lifecycle antd-mobile@1.0.0-alpha.42~_ios: PATH: /usr/local/lib/node_modules/npm/bin/node-gyp-bin:/Users/linqin/ReactNative/ant-design-mobile/rn-kitchen-sink/node_modules/.bin:/usr/local/lib/node_modules/npm/bin/node-gyp-bin:/Users/linqin/ReactNative/ant-design-mobile/rn-kitchen-sink/node_modules/.bin:/usr/local/bin:/usr/bin:/bin:/usr/sbin:/sbin:/Users/linqin/Library/Android/sdk/tools:/Users/linqin/Library/Android/sdk/platform-tools
10 verbose lifecycle antd-mobile@1.0.0-alpha.42~_ios: CWD: /Users/linqin/ReactNative/ant-design-mobile/rn-kitchen-sink
11 silly lifecycle antd-mobile@1.0.0-alpha.42~_ios: Args: [ '-c',
11 silly lifecycle   'node node_modules/react-native/local-cli/cli.js run-ios --project-path rn-kitchen-sink/ios' ]
12 silly lifecycle antd-mobile@1.0.0-alpha.42~_ios: Returned: code: 1  signal: null
13 info lifecycle antd-mobile@1.0.0-alpha.42~_ios: Failed to exec _ios script
14 verbose stack Error: antd-mobile@1.0.0-alpha.42 _ios: `node node_modules/react-native/local-cli/cli.js run-ios --project-path rn-kitchen-sink/ios`
14 verbose stack Exit status 1
14 verbose stack     at EventEmitter.<anonymous> (/usr/local/lib/node_modules/npm/lib/utils/lifecycle.js:279:16)
14 verbose stack     at emitTwo (events.js:106:13)
14 verbose stack     at EventEmitter.emit (events.js:191:7)
14 verbose stack     at ChildProcess.<anonymous> (/usr/local/lib/node_modules/npm/lib/utils/spawn.js:40:14)
14 verbose stack     at emitTwo (events.js:106:13)
14 verbose stack     at ChildProcess.emit (events.js:191:7)
14 verbose stack     at maybeClose (internal/child_process.js:885:16)
14 verbose stack     at Process.ChildProcess._handle.onexit (internal/child_process.js:226:5)
15 verbose pkgid antd-mobile@1.0.0-alpha.42
16 verbose cwd /Users/linqin/ReactNative/ant-design-mobile/rn-kitchen-sink
17 error Darwin 16.1.0
18 error argv "/usr/local/Cellar/node/7.4.0/bin/node" "/usr/local/bin/npm" "run" "_ios"
19 error node v7.4.0
20 error npm  v4.0.5
21 error code ELIFECYCLE
22 error antd-mobile@1.0.0-alpha.42 _ios: `node node_modules/react-native/local-cli/cli.js run-ios --project-path rn-kitchen-sink/ios`
22 error Exit status 1
23 error Failed at the antd-mobile@1.0.0-alpha.42 _ios script 'node node_modules/react-native/local-cli/cli.js run-ios --project-path rn-kitchen-sink/ios'.
23 error Make sure you have the latest version of node.js and npm installed.
23 error If you do, this is most likely a problem with the antd-mobile package,
23 error not with npm itself.
23 error Tell the author that this fails on your system:
23 error     node node_modules/react-native/local-cli/cli.js run-ios --project-path rn-kitchen-sink/ios
23 error You can get information on how to open an issue for this project with:
23 error     npm bugs antd-mobile
23 error Or if that isn't available, you can get their info via:
23 error     npm owner ls antd-mobile
23 error There is likely additional logging output above.
24 verbose exit [ 1, true ]
